16:34:04.498 [main] INFO  api.test.UserTests - ***********Creating User***********
16:34:09.653 [main] INFO  api.test.UserTests - ***********User is Created***********
16:34:09.687 [main] INFO  api.test.UserTests - ***********Reading User Info***********
16:34:10.889 [main] INFO  api.test.UserTests - ***********User info is displayed***********
16:34:10.892 [main] INFO  api.test.UserTests - ***********Updating User Info***********
16:34:11.970 [main] INFO  api.test.UserTests - ***********User Upadted***********
16:34:13.168 [main] INFO  api.test.UserTests - ***********Deleting User***********
16:34:14.254 [main] INFO  api.test.UserTests - ***********User Deleted***********
16:35:06.847 [main] INFO  api.test.UserTests - ***********Creating User***********
16:35:11.805 [main] INFO  api.test.UserTests - ***********User is Created***********
16:35:11.833 [main] INFO  api.test.UserTests - ***********Reading User Info***********
16:35:12.978 [main] INFO  api.test.UserTests - ***********User info is displayed***********
16:35:12.982 [main] INFO  api.test.UserTests - ***********Updating User Info***********
16:35:14.093 [main] INFO  api.test.UserTests - ***********User Upadted***********
16:35:15.204 [main] INFO  api.test.UserTests - ***********Deleting User***********
16:35:16.295 [main] INFO  api.test.UserTests - ***********User Deleted***********
16:38:19.403 [main] INFO  api.test.UserTests - ***********Creating User***********
16:38:24.308 [main] INFO  api.test.UserTests - ***********User is Created***********
16:38:24.333 [main] INFO  api.test.UserTests - ***********Reading User Info***********
16:38:25.477 [main] INFO  api.test.UserTests - ***********User info is displayed***********
16:38:25.484 [main] INFO  api.test.UserTests - ***********Updating User Info***********
16:38:26.576 [main] INFO  api.test.UserTests - ***********User Upadted***********
16:38:27.637 [main] INFO  api.test.UserTests - ***********Deleting User***********
16:38:28.725 [main] INFO  api.test.UserTests - ***********User Deleted***********
16:40:21.578 [main] INFO  api.test.UserTests - ***********Creating User***********
16:40:26.518 [main] INFO  api.test.UserTests - ***********User is Created***********
16:40:26.552 [main] INFO  api.test.UserTests - ***********Reading User Info***********
16:40:27.714 [main] INFO  api.test.UserTests - ***********User info is displayed***********
16:40:27.719 [main] INFO  api.test.UserTests - ***********Updating User Info***********
16:40:28.875 [main] INFO  api.test.UserTests - ***********User Upadted***********
16:40:30.002 [main] INFO  api.test.UserTests - ***********Deleting User***********
16:40:31.118 [main] INFO  api.test.UserTests - ***********User Deleted***********
15:14:23.041 [main] INFO  api.test.UserTests - ***********Creating User***********
15:14:28.144 [main] INFO  api.test.UserTests - ***********User is Created***********
15:14:28.173 [main] INFO  api.test.UserTests - ***********Reading User Info***********
15:14:29.281 [main] INFO  api.test.UserTests - ***********User info is displayed***********
15:14:29.284 [main] INFO  api.test.UserTests - ***********Updating User Info***********
15:14:30.391 [main] INFO  api.test.UserTests - ***********User Upadted***********
15:14:31.487 [main] INFO  api.test.UserTests - ***********Deleting User***********
15:14:32.581 [main] INFO  api.test.UserTests - ***********User Deleted***********
15:17:58.026 [main] INFO  api.test.UserTests - ***********Creating User***********
15:18:02.785 [main] INFO  api.test.UserTests - ***********User is Created***********
15:18:02.812 [main] INFO  api.test.UserTests - ***********Reading User Info***********
15:18:03.931 [main] INFO  api.test.UserTests - ***********User info is displayed***********
15:18:03.938 [main] INFO  api.test.UserTests - ***********Updating User Info***********
15:18:05.025 [main] INFO  api.test.UserTests - ***********User Upadted***********
15:18:06.105 [main] INFO  api.test.UserTests - ***********Deleting User***********
15:18:07.204 [main] INFO  api.test.UserTests - ***********User Deleted***********
15:18:41.055 [main] INFO  api.test.UserTests - ***********Creating User***********
15:18:45.510 [main] INFO  api.test.UserTests - ***********User is Created***********
15:18:45.539 [main] INFO  api.test.UserTests - ***********Reading User Info***********
15:18:46.673 [main] INFO  api.test.UserTests - ***********User info is displayed***********
15:18:46.682 [main] INFO  api.test.UserTests - ***********Updating User Info***********
15:18:47.772 [main] INFO  api.test.UserTests - ***********User Upadted***********
15:18:48.855 [main] INFO  api.test.UserTests - ***********Deleting User***********
15:18:49.944 [main] INFO  api.test.UserTests - ***********User Deleted***********
15:24:40.560 [main] INFO  api.test.UserTests - ***********Creating User***********
15:24:45.416 [main] INFO  api.test.UserTests - ***********User is Created***********
15:24:45.442 [main] INFO  api.test.UserTests - ***********Reading User Info***********
15:24:46.628 [main] INFO  api.test.UserTests - ***********User info is displayed***********
15:24:46.636 [main] INFO  api.test.UserTests - ***********Updating User Info***********
15:24:47.750 [main] INFO  api.test.UserTests - ***********User Upadted***********
15:24:48.833 [main] INFO  api.test.UserTests - ***********Deleting User***********
15:24:49.924 [main] INFO  api.test.UserTests - ***********User Deleted***********
15:26:08.619 [main] INFO  api.test.UserTests - ***********Creating User***********
15:26:13.580 [main] INFO  api.test.UserTests - ***********User is Created***********
15:26:13.616 [main] INFO  api.test.UserTests - ***********Reading User Info***********
15:26:14.786 [main] INFO  api.test.UserTests - ***********User info is displayed***********
15:26:14.794 [main] INFO  api.test.UserTests - ***********Updating User Info***********
15:26:15.901 [main] INFO  api.test.UserTests - ***********User Upadted***********
15:26:17.006 [main] INFO  api.test.UserTests - ***********Deleting User***********
15:26:18.089 [main] INFO  api.test.UserTests - ***********User Deleted***********
15:42:05.393 [main] INFO  api.test.UserTests - ***********Creating User***********
15:42:10.713 [main] INFO  api.test.UserTests - ***********User is Created***********
15:42:10.738 [main] INFO  api.test.UserTests - ***********Reading User Info***********
15:42:11.833 [main] INFO  api.test.UserTests - ***********User info is displayed***********
15:42:11.841 [main] INFO  api.test.UserTests - ***********Updating User Info***********
15:42:12.913 [main] INFO  api.test.UserTests - ***********User Upadted***********
15:42:14.001 [main] INFO  api.test.UserTests - ***********Deleting User***********
15:42:15.087 [main] INFO  api.test.UserTests - ***********User Deleted***********
16:23:31.930 [main] INFO  api.test.UserTests - ***********Creating User***********
16:23:37.088 [main] INFO  api.test.UserTests - ***********User is Created***********
16:23:37.114 [main] INFO  api.test.UserTests - ***********Reading User Info***********
16:23:38.267 [main] INFO  api.test.UserTests - ***********User info is displayed***********
16:23:38.278 [main] INFO  api.test.UserTests - ***********Updating User Info***********
16:23:39.361 [main] INFO  api.test.UserTests - ***********User Upadted***********
16:23:40.472 [main] INFO  api.test.UserTests - ***********Deleting User***********
16:23:41.568 [main] INFO  api.test.UserTests - ***********User Deleted***********
16:44:55.414 [main] INFO  api.test.UserTests - ***********Creating User***********
16:45:00.329 [main] INFO  api.test.UserTests - ***********User is Created***********
16:45:00.361 [main] INFO  api.test.UserTests - ***********Reading User Info***********
16:45:01.479 [main] INFO  api.test.UserTests - ***********User info is displayed***********
16:45:01.487 [main] INFO  api.test.UserTests - ***********Updating User Info***********
16:45:02.575 [main] INFO  api.test.UserTests - ***********User Upadted***********
16:45:03.664 [main] INFO  api.test.UserTests - ***********Deleting User***********
16:45:04.708 [main] INFO  api.test.UserTests - ***********User Deleted***********
16:46:17.297 [main] INFO  api.test.UserTests - ***********Creating User***********
16:46:22.118 [main] INFO  api.test.UserTests - ***********User is Created***********
16:46:22.146 [main] INFO  api.test.UserTests - ***********Reading User Info***********
16:46:23.298 [main] INFO  api.test.UserTests - ***********User info is displayed***********
16:46:23.304 [main] INFO  api.test.UserTests - ***********Updating User Info***********
16:46:24.381 [main] INFO  api.test.UserTests - ***********User Upadted***********
16:46:25.426 [main] INFO  api.test.UserTests - ***********Deleting User***********
16:46:26.537 [main] INFO  api.test.UserTests - ***********User Deleted***********
